<?xml version="1.0" encoding="UTF-8"?>
<testng-results skipped="0" failed="0" total="1" passed="1">
  <reporter-output>
  </reporter-output>
  <suite name="Default suite" duration-ms="2284" started-at="2020-02-01T16:59:09Z" finished-at="2020-02-01T16:59:11Z">
    <groups>
    </groups>
    <test name="Default test" duration-ms="2284" started-at="2020-02-01T16:59:09Z" finished-at="2020-02-01T16:59:11Z">
      <class name="com.qa.tests.GetApiTest">
        <test-method status="PASS" signature="setUp()[pri:0, instance:com.qa.tests.GetApiTest@2669b199]" name="setUp" is-config="true" duration-ms="9" started-at="2020-02-01T22:29:09Z" finished-at="2020-02-01T22:29:09Z">
          <reporter-output>
          </reporter-output>
        </test-method> <!-- setUp -->
        <test-method status="PASS" signature="apiTest()[pri:0, instance:com.qa.tests.GetApiTest@2669b199]" name="apiTest" duration-ms="2252" started-at="2020-02-01T22:29:09Z" finished-at="2020-02-01T22:29:11Z">
          <reporter-output>
          </reporter-output>
        </test-method> <!-- apiTest -->
      </class> <!-- com.qa.tests.GetApiTest -->
    </test> <!-- Default test -->
  </suite> <!-- Default suite -->
</testng-results>
